<?xml version="1.0" encoding="UTF-8"?>
<testsuite xmlns:xsi="http://www.w3.org/2001/XMLSchema-instance" xsi:noNamespaceSchemaLocation="https://maven.apache.org/surefire/maven-surefire-plugin/xsd/surefire-test-report-3.0.xsd" version="3.0" name="Cucumber.Options.TestRunner" time="9.964" tests="24" errors="0" skipped="0" failures="0">
  <properties>
[...]
</properties>
  <testcase name="Given Add Place API Payload with &quot;AAHouse&quot; &quot;English&quot; &quot;World Cross center&quot; &quot;(+91)989 789 6688&quot;(| AAHouse | English | World Cross center | " classname="+91)989 789 6688 |" time="0.022">
    <system-out><![CDATA[https://rahulshettyacademy.com
]]></system-out>
  </testcase>
  <testcase name="When User calls the &quot;AddPlaceAPI&quot; with the &quot;POST&quot; HTTP Request(| AAHouse | English | World Cross center | " classname="+91)989 789 6688 |" time="0.0">
    <system-out><![CDATA[/maps/api/place/add/json
]]></system-out>
  </testcase>
  <testcase name="Then the API call got success with Status code 200(| AAHouse | English | World Cross center | " classname="+91)989 789 6688 |" time="0.0"/>
  <testcase name="And &quot;status&quot; in Response body is &quot;OK&quot;(| AAHouse | English | World Cross center | " classname="+91)989 789 6688 |" time="0.003"/>
  <testcase name="And &quot;scope&quot; in Response body is &quot;APP&quot;(| AAHouse | English | World Cross center | " classname="+91)989 789 6688 |" time="0.001"/>
  <testcase name="And verify place_id created maps to &quot;AAHouse&quot; using &quot;GetPlaceAPI&quot;(| AAHouse | English | World Cross center | " classname="+91)989 789 6688 |" time="0.0">
    <system-out><![CDATA[4160905ba43c9343242ae64183ff1baa
/maps/api/place/get/json
]]></system-out>
  </testcase>
  <testcase name="| AAHouse | English | World Cross center | " classname="| AAHouse | English | World Cross center | (+91)989 789 6688 |" time="0.002"/>
  <testcase name="Given Add Place API Payload with &quot;DD House&quot; &quot;English&quot; &quot;Washington Bay area&quot;" classname="| DD House | English | Washington Bay area |" time="0.0"/>
  <testcase name="When User calls the &quot;AddPlaceAPI&quot; with the &quot;POST&quot; HTTP Request" classname="| DD House | English | Washington Bay area |" time="0.0">
    <system-out><![CDATA[/maps/api/place/add/json
]]></system-out>
  </testcase>
  <testcase name="Then the API call got success with Status code 200" classname="| DD House | English | Washington Bay area |" time="0.0"/>
  <testcase name="And &quot;status&quot; in Response body is &quot;OK&quot;" classname="| DD House | English | Washington Bay area |" time="0.0"/>
  <testcase name="And &quot;scope&quot; in Response body is &quot;APP&quot;" classname="| DD House | English | Washington Bay area |" time="0.0"/>
  <testcase name="And verify place_id created maps to &quot;DD House&quot; using &quot;GetPlaceAPI&quot;" classname="| DD House | English | Washington Bay area |" time="0.0">
    <system-out><![CDATA[05d9bc998f37e7e1cef0d6743265115e
/maps/api/place/get/json
]]></system-out>
  </testcase>
  <testcase name="" classname="| DD House | English | Washington Bay area |" time="0.001"/>
  <testcase name="Given Get Place API Payload" classname="Scenario: Verify if Get place functionality is working" time="0.0"/>
  <testcase name="When User calls the &quot;GetPlaceAPI&quot; with a &quot;GET&quot; HTTP Request" classname="Scenario: Verify if Get place functionality is working" time="0.0">
    <system-out><![CDATA[/maps/api/place/get/json
]]></system-out>
  </testcase>
  <testcase name="Then the API call got success with a Status code 200" classname="Scenario: Verify if Get place functionality is working" time="0.0"/>
  <testcase name="And &quot;language&quot; in a Response body is &quot;English&quot;" classname="Scenario: Verify if Get place functionality is working" time="0.0"/>
  <testcase name="" classname="Scenario: Verify if Get place functionality is working" time="0.001"/>
  <testcase name="Given Delete Place API Payloads" classname="Scenario: Verify if Delete place functionality is working" time="0.0"/>
  <testcase name="When User calls &quot;DeletePlaceAPI&quot; with the &quot;POST&quot; HTTP Request" classname="Scenario: Verify if Delete place functionality is working" time="0.0">
    <system-out><![CDATA[/maps/api/place/delete/json
]]></system-out>
  </testcase>
  <testcase name="Then the API call got success with the Status code 200" classname="Scenario: Verify if Delete place functionality is working" time="0.0"/>
  <testcase name="And &quot;status&quot; in the Response body is &quot;OK&quot;" classname="Scenario: Verify if Delete place functionality is working" time="0.0"/>
  <testcase name="" classname="Scenario: Verify if Delete place functionality is working" time="0.0"/>
</testsuite>